Debugger attached.
$ storybook build --output-dir C:\Users\ADMINI~1\AppData\Local\Temp\chromatic--13648-Nop9L1PnKzmu
Debugger attached.
@storybook/cli v7.1.0

info => Cleaning outputDir: C:\Users\ADMINI~1\AppData\Local\Temp\chromatic--13648-Nop9L1PnKzmu
info => Loading presets
info => Building manager..
info => Manager built (416 ms)
info => Copying static files: D:\qiqiqi\quasar2-storybook-template\node_modules\@storybook\manager\static at C:\Users\ADMINI~1\AppData\Local\Temp\chromatic--13648-Nop9L1PnKzmu\sb-common-assets
[36mvite v4.4.9 [32mbuilding for production...[36m[39m

./sb-common-assets/fonts.css doesn't exist at build time, it will remain unchanged to be resolved at runtime
transforming...
[1m[33m[plugin:vite:resolve][39m[22m [33mModule "path" has been externalized for browser compatibility, imported by "D:/qiqiqi/quasar2-storybook-template/node_modules/jest-util/build/requireOrImportModule.js". See http://vitejs.dev/guide/troubleshooting.html#module-externalized-for-browser-compatibility for more details.[39m
[1m[33m[plugin:vite:resolve][39m[22m [33mModule "url" has been externalized for browser compatibility, imported by "D:/qiqiqi/quasar2-storybook-template/node_modules/jest-util/build/requireOrImportModule.js". See http://vitejs.dev/guide/troubleshooting.html#module-externalized-for-browser-compatibility for more details.[39m
[1m[33m[plugin:vite:resolve][39m[22m [33mModule "fs" has been externalized for browser compatibility, imported by "D:/qiqiqi/quasar2-storybook-template/node_modules/graceful-fs/graceful-fs.js". See http://vitejs.dev/guide/troubleshooting.html#module-externalized-for-browser-compatibility for more details.[39m
[1m[33m[plugin:vite:resolve][39m[22m [33mModule "stream" has been externalized for browser compatibility, imported by "D:/qiqiqi/quasar2-storybook-template/node_modules/graceful-fs/legacy-streams.js". See http://vitejs.dev/guide/troubleshooting.html#module-externalized-for-browser-compatibility for more details.[39m
[1m[33m[plugin:vite:resolve][39m[22m [33mModule "constants" has been externalized for browser compatibility, imported by "D:/qiqiqi/quasar2-storybook-template/node_modules/graceful-fs/polyfills.js". See http://vitejs.dev/guide/troubleshooting.html#module-externalized-for-browser-compatibility for more details.[39m
[1m[33m[plugin:vite:resolve][39m[22m [33mModule "path" has been externalized for browser compatibility, imported by "D:/qiqiqi/quasar2-storybook-template/node_modules/picomatch/lib/picomatch.js". See http://vitejs.dev/guide/troubleshooting.html#module-externalized-for-browser-compatibility for more details.[39m
[1m[33m[plugin:vite:resolve][39m[22m [33mModule "path" has been externalized for browser compatibility, imported by "D:/qiqiqi/quasar2-storybook-template/node_modules/picomatch/lib/constants.js". See http://vitejs.dev/guide/troubleshooting.html#module-externalized-for-browser-compatibility for more details.[39m
[1m[33m[plugin:vite:resolve][39m[22m [33mModule "path" has been externalized for browser compatibility, imported by "D:/qiqiqi/quasar2-storybook-template/node_modules/picomatch/lib/utils.js". See http://vitejs.dev/guide/troubleshooting.html#module-externalized-for-browser-compatibility for more details.[39m
node_modules/telejson/dist/index.mjs (1394:15) Use of eval in "node_modules/telejson/dist/index.mjs" is strongly discouraged as it poses security risks and may cause issues with minification.
node_modules/telejson/dist/index.mjs (1397:18) Use of eval in "node_modules/telejson/dist/index.mjs" is strongly discouraged as it poses security risks and may cause issues with minification.
node_modules/@storybook/vue3/dist/config.mjs (9:1309) Use of eval in "node_modules/@storybook/vue3/dist/config.mjs" is strongly discouraged as it poses security risks and may cause issues with minification.
[32m✓[39m 1390 modules transformed.
rendering chunks...
computing gzip size...
[2mC:/Users/ADMINI~1/AppData/Local/Temp/chromatic--13648-Nop9L1PnKzmu/[22m[32massets/youtube-9f26eb0b.svg                               [39m[1m[2m  0.72 kB[22m[1m[22m[2m │ gzip:   0.36 kB[22m
[2mC:/Users/ADMINI~1/AppData/Local/Temp/chromatic--13648-Nop9L1PnKzmu/[22m[32massets/tutorials-adff6365.svg                             [39m[1m[2m  1.27 kB[22m[1m[22m[2m │ gzip:   0.63 kB[22m
[2mC:/Users/ADMINI~1/AppData/Local/Temp/chromatic--13648-Nop9L1PnKzmu/[22m[32massets/discord-f7d1b78c.svg                               [39m[1m[2m  2.41 kB[22m[1m[22m[2m │ gzip:   1.15 kB[22m
[2mC:/Users/ADMINI~1/AppData/Local/Temp/chromatic--13648-Nop9L1PnKzmu/[22m[32massets/github-cdfc3270.svg                                [39m[1m[2m  2.72 kB[22m[1m[22m[2m │ gzip:   1.28 kB[22m
[2mC:/Users/ADMINI~1/AppData/Local/Temp/chromatic--13648-Nop9L1PnKzmu/[22m[32massets/context-c612d889.png                               [39m[1m[2m  6.12 kB[22m[1m[22m
[2mC:/Users/ADMINI~1/AppData/Local/Temp/chromatic--13648-Nop9L1PnKzmu/[22m[32massets/styling-c83082e0.png                               [39m[1m[2m  7.24 kB[22m[1m[22m
[2mC:/Users/ADMINI~1/AppData/Local/Temp/chromatic--13648-Nop9L1PnKzmu/[22m[32miframe.html                                               [39m[1m[2m 12.75 kB[22m[1m[22m[2m │ gzip:   3.57 kB[22m
[2mC:/Users/ADMINI~1/AppData/Local/Temp/chromatic--13648-Nop9L1PnKzmu/[22m[32massets/KFOmCnqEu92Fr1Mu4mxM-f2abf7fb.woff                 [39m[1m[2m 20.34 kB[22m[1m[22m
[2mC:/Users/ADMINI~1/AppData/Local/Temp/chromatic--13648-Nop9L1PnKzmu/[22m[32massets/KFOlCnqEu92Fr1MmWUlfBBc--e0fd57c0.woff             [39m[1m[2m 20.41 kB[22m[1m[22m
[2mC:/Users/ADMINI~1/AppData/Local/Temp/chromatic--13648-Nop9L1PnKzmu/[22m[32massets/KFOlCnqEu92Fr1MmSU5fBBc--bf14c7d7.woff             [39m[1m[2m 20.42 kB[22m[1m[22m
[2mC:/Users/ADMINI~1/AppData/Local/Temp/chromatic--13648-Nop9L1PnKzmu/[22m[32massets/KFOlCnqEu92Fr1MmYUtfBBc--f6537e32.woff             [39m[1m[2m 20.42 kB[22m[1m[22m
[2mC:/Users/ADMINI~1/AppData/Local/Temp/chromatic--13648-Nop9L1PnKzmu/[22m[32massets/KFOkCnqEu92Fr1MmgVxIIzQ-34e9582c.woff              [39m[1m[2m 20.44 kB[22m[1m[22m
[2mC:/Users/ADMINI~1/AppData/Local/Temp/chromatic--13648-Nop9L1PnKzmu/[22m[32massets/KFOlCnqEu92Fr1MmEU9fBBc--9ce7f3ac.woff             [39m[1m[2m 20.54 kB[22m[1m[22m
[2mC:/Users/ADMINI~1/AppData/Local/Temp/chromatic--13648-Nop9L1PnKzmu/[22m[32massets/docs-5b0c7100.png                                  [39m[1m[2m 27.88 kB[22m[1m[22m
[2mC:/Users/ADMINI~1/AppData/Local/Temp/chromatic--13648-Nop9L1PnKzmu/[22m[32massets/share-b59d6c77.png                                 [39m[1m[2m 40.77 kB[22m[1m[22m
[2mC:/Users/ADMINI~1/AppData/Local/Temp/chromatic--13648-Nop9L1PnKzmu/[22m[32massets/accessibility-cd6d60f7.png                         [39m[1m[2m 42.34 kB[22m[1m[22m
[2mC:/Users/ADMINI~1/AppData/Local/Temp/chromatic--13648-Nop9L1PnKzmu/[22m[32massets/figma-plugin-b0a5ad2d.png                          [39m[1m[2m 44.25 kB[22m[1m[22m
[2mC:/Users/ADMINI~1/AppData/Local/Temp/chromatic--13648-Nop9L1PnKzmu/[22m[32massets/theming-b6e819c3.png                               [39m[1m[2m 44.37 kB[22m[1m[22m
[2mC:/Users/ADMINI~1/AppData/Local/Temp/chromatic--13648-Nop9L1PnKzmu/[22m[32massets/testing-6a59f681.png                               [39m[1m[2m 49.31 kB[22m[1m[22m
[2mC:/Users/ADMINI~1/AppData/Local/Temp/chromatic--13648-Nop9L1PnKzmu/[22m[32massets/flUhRq6tzZclQEJ-Vdg-IuiaDsNcIhQ8tQ-4a4dbc62.woff2  [39m[1m[2m128.62 kB[22m[1m[22m
[2mC:/Users/ADMINI~1/AppData/Local/Temp/chromatic--13648-Nop9L1PnKzmu/[22m[32massets/flUhRq6tzZclQEJ-Vdg-IuiaDsNa-fd84f88b.woff         [39m[1m[2m164.91 kB[22m[1m[22m
[2mC:/Users/ADMINI~1/AppData/Local/Temp/chromatic--13648-Nop9L1PnKzmu/[22m[32massets/materialdesignicons-webfont-da7fba3c.woff2         [39m[1m[2m325.24 kB[22m[1m[22m
[2mC:/Users/ADMINI~1/AppData/Local/Temp/chromatic--13648-Nop9L1PnKzmu/[22m[32massets/materialdesignicons-webfont-8bded8f4.woff          [39m[1m[2m465.19 kB[22m[1m[22m
[2mC:/Users/ADMINI~1/AppData/Local/Temp/chromatic--13648-Nop9L1PnKzmu/[22m[32massets/addon-library-bc7ba705.png                         [39m[1m[2m467.37 kB[22m[1m[22m
[2mC:/Users/ADMINI~1/AppData/Local/Temp/chromatic--13648-Nop9L1PnKzmu/[22m[35massets/Header-a6911580.css                                [39m[1m[2m  0.51 kB[22m[1m[22m[2m │ gzip:   0.31 kB[22m
[2mC:/Users/ADMINI~1/AppData/Local/Temp/chromatic--13648-Nop9L1PnKzmu/[22m[35massets/Button-bc1a867b.css                                [39m[1m[2m  0.52 kB[22m[1m[22m[2m │ gzip:   0.29 kB[22m
[2mC:/Users/ADMINI~1/AppData/Local/Temp/chromatic--13648-Nop9L1PnKzmu/[22m[35massets/Page.stories-ece1482a.css                          [39m[1m[2m  0.93 kB[22m[1m[22m[2m │ gzip:   0.39 kB[22m
[2mC:/Users/ADMINI~1/AppData/Local/Temp/chromatic--13648-Nop9L1PnKzmu/[22m[35massets/preview-d77141b7.css                               [39m[1m[2m445.57 kB[22m[1m[22m[2m │ gzip:  77.69 kB[22m
[2mC:/Users/ADMINI~1/AppData/Local/Temp/chromatic--13648-Nop9L1PnKzmu/[22m[36massets/assert-a1982797.js                                 [39m[1m[2m  0.13 kB[22m[1m[22m[2m │ gzip:   0.14 kB[22m[2m │ map:     0.50 kB[22m
[2mC:/Users/ADMINI~1/AppData/Local/Temp/chromatic--13648-Nop9L1PnKzmu/[22m[36massets/index-d475d2ea.js                                  [39m[1m[2m  0.21 kB[22m[1m[22m[2m │ gzip:   0.17 kB[22m[2m │ map:     0.81 kB[22m
[2mC:/Users/ADMINI~1/AppData/Local/Temp/chromatic--13648-Nop9L1PnKzmu/[22m[36massets/_commonjs-dynamic-modules-302442b1.js              [39m[1m[2m  0.30 kB[22m[1m[22m[2m │ gzip:   0.24 kB[22m[2m │ map:     0.12 kB[22m
[2mC:/Users/ADMINI~1/AppData/Local/Temp/chromatic--13648-Nop9L1PnKzmu/[22m[36massets/WithTooltip-I4CCNYWD-132020b2.js                   [39m[1m[2m  0.47 kB[22m[1m[22m[2m │ gzip:   0.28 kB[22m[2m │ map:     0.11 kB[22m
[2mC:/Users/ADMINI~1/AppData/Local/Temp/chromatic--13648-Nop9L1PnKzmu/[22m[36massets/syntaxhighlighter-SIPZPD4I-6ad89ed2.js             [39m[1m[2m  0.49 kB[22m[1m[22m[2m │ gzip:   0.31 kB[22m[2m │ map:     0.12 kB[22m
[2mC:/Users/ADMINI~1/AppData/Local/Temp/chromatic--13648-Nop9L1PnKzmu/[22m[36massets/index-59861000.js                                  [39m[1m[2m  0.50 kB[22m[1m[22m[2m │ gzip:   0.29 kB[22m[2m │ map:     0.10 kB[22m
[2mC:/Users/ADMINI~1/AppData/Local/Temp/chromatic--13648-Nop9L1PnKzmu/[22m[36massets/index-0b8a0592.js                                  [39m[1m[2m  0.53 kB[22m[1m[22m[2m │ gzip:   0.34 kB[22m[2m │ map:     4.26 kB[22m
[2mC:/Users/ADMINI~1/AppData/Local/Temp/chromatic--13648-Nop9L1PnKzmu/[22m[36massets/preview-b4690c1b.js                                [39m[1m[2m  0.56 kB[22m[1m[22m[2m │ gzip:   0.35 kB[22m[2m │ map:     0.51 kB[22m
[2mC:/Users/ADMINI~1/AppData/Local/Temp/chromatic--13648-Nop9L1PnKzmu/[22m[36massets/preview-5ef354f3.js                                [39m[1m[2m  0.69 kB[22m[1m[22m[2m │ gzip:   0.49 kB[22m[2m │ map:     3.82 kB[22m
[2mC:/Users/ADMINI~1/AppData/Local/Temp/chromatic--13648-Nop9L1PnKzmu/[22m[36massets/_commonjsHelpers-de833af9.js                       [39m[1m[2m  0.75 kB[22m[1m[22m[2m │ gzip:   0.43 kB[22m[2m │ map:     0.11 kB[22m
[2mC:/Users/ADMINI~1/AppData/Local/Temp/chromatic--13648-Nop9L1PnKzmu/[22m[36massets/index-356e4a49.js                                  [39m[1m[2m  0.81 kB[22m[1m[22m[2m │ gzip:   0.51 kB[22m[2m │ map:     3.24 kB[22m
[2mC:/Users/ADMINI~1/AppData/Local/Temp/chromatic--13648-Nop9L1PnKzmu/[22m[36massets/preview-b79ea209.js                                [39m[1m[2m  0.90 kB[22m[1m[22m[2m │ gzip:   0.60 kB[22m[2m │ map:     2.89 kB[22m
[2mC:/Users/ADMINI~1/AppData/Local/Temp/chromatic--13648-Nop9L1PnKzmu/[22m[36massets/Header.stories-1333c4db.js                         [39m[1m[2m  0.98 kB[22m[1m[22m[2m │ gzip:   0.51 kB[22m[2m │ map:     0.12 kB[22m
[2mC:/Users/ADMINI~1/AppData/Local/Temp/chromatic--13648-Nop9L1PnKzmu/[22m[36massets/ColorChip.stories-4dfcccac.js                      [39m[1m[2m  1.05 kB[22m[1m[22m[2m │ gzip:   0.62 kB[22m[2m │ map:     0.57 kB[22m
[2mC:/Users/ADMINI~1/AppData/Local/Temp/chromatic--13648-Nop9L1PnKzmu/[22m[36massets/preview-996a19c6.js                                [39m[1m[2m  1.06 kB[22m[1m[22m[2m │ gzip:   0.69 kB[22m[2m │ map:     3.22 kB[22m
[2mC:/Users/ADMINI~1/AppData/Local/Temp/chromatic--13648-Nop9L1PnKzmu/[22m[36massets/ChatMessage.stories-39833300.js                    [39m[1m[2m  1.16 kB[22m[1m[22m[2m │ gzip:   0.65 kB[22m[2m │ map:     0.12 kB[22m
[2mC:/Users/ADMINI~1/AppData/Local/Temp/chromatic--13648-Nop9L1PnKzmu/[22m[36massets/PiniaButton.stories-a725378b.js                    [39m[1m[2m  1.21 kB[22m[1m[22m[2m │ gzip:   0.73 kB[22m[2m │ map:     1.28 kB[22m
[2mC:/Users/ADMINI~1/AppData/Local/Temp/chromatic--13648-Nop9L1PnKzmu/[22m[36massets/Button-b8eb4649.js                                 [39m[1m[2m  1.31 kB[22m[1m[22m[2m │ gzip:   0.66 kB[22m[2m │ map:     1.47 kB[22m
[2mC:/Users/ADMINI~1/AppData/Local/Temp/chromatic--13648-Nop9L1PnKzmu/[22m[36massets/Button.stories-41c15ca5.js                         [39m[1m[2m  1.59 kB[22m[1m[22m[2m │ gzip:   0.61 kB[22m[2m │ map:     0.13 kB[22m
[2mC:/Users/ADMINI~1/AppData/Local/Temp/chromatic--13648-Nop9L1PnKzmu/[22m[36massets/Header-f83494d6.js                                 [39m[1m[2m  1.64 kB[22m[1m[22m[2m │ gzip:   0.91 kB[22m[2m │ map:     0.10 kB[22m
[2mC:/Users/ADMINI~1/AppData/Local/Temp/chromatic--13648-Nop9L1PnKzmu/[22m[36massets/chunk-SRVBJOBI-15b5a571.js                         [39m[1m[2m  1.78 kB[22m[1m[22m[2m │ gzip:   1.01 kB[22m[2m │ map:     6.67 kB[22m
[2mC:/Users/ADMINI~1/AppData/Local/Temp/chromatic--13648-Nop9L1PnKzmu/[22m[36massets/DocsRenderer-3PUGWF3O-2787fffc.js                  [39m[1m[2m  1.89 kB[22m[1m[22m[2m │ gzip:   0.92 kB[22m[2m │ map:     4.96 kB[22m
[2mC:/Users/ADMINI~1/AppData/Local/Temp/chromatic--13648-Nop9L1PnKzmu/[22m[36massets/preview-a60aa466.js                                [39m[1m[2m  2.40 kB[22m[1m[22m[2m │ gzip:   1.25 kB[22m[2m │ map:    10.86 kB[22m
[2mC:/Users/ADMINI~1/AppData/Local/Temp/chromatic--13648-Nop9L1PnKzmu/[22m[36massets/index-d37d4223.js                                  [39m[1m[2m  2.63 kB[22m[1m[22m[2m │ gzip:   1.30 kB[22m[2m │ map:     7.46 kB[22m
[2mC:/Users/ADMINI~1/AppData/Local/Temp/chromatic--13648-Nop9L1PnKzmu/[22m[36massets/preview-770cc08b.js                                [39m[1m[2m  3.22 kB[22m[1m[22m[2m │ gzip:   1.39 kB[22m[2m │ map:    10.18 kB[22m
[2mC:/Users/ADMINI~1/AppData/Local/Temp/chromatic--13648-Nop9L1PnKzmu/[22m[36massets/pinia-1448b468.js                                  [39m[1m[2m  3.80 kB[22m[1m[22m[2m │ gzip:   1.96 kB[22m[2m │ map:    85.11 kB[22m
[2mC:/Users/ADMINI~1/AppData/Local/Temp/chromatic--13648-Nop9L1PnKzmu/[22m[36massets/iframe-5d2a1071.js                                 [39m[1m[2m  5.84 kB[22m[1m[22m[2m │ gzip:   1.94 kB[22m[2m │ map:     6.09 kB[22m
[2mC:/Users/ADMINI~1/AppData/Local/Temp/chromatic--13648-Nop9L1PnKzmu/[22m[36massets/preview-d8c963a4.js                                [39m[1m[2m  7.67 kB[22m[1m[22m[2m │ gzip:   1.60 kB[22m[2m │ map:    14.16 kB[22m
[2mC:/Users/ADMINI~1/AppData/Local/Temp/chromatic--13648-Nop9L1PnKzmu/[22m[36massets/preview-25cb0eda.js                                [39m[1m[2m  8.33 kB[22m[1m[22m[2m │ gzip:   3.21 kB[22m[2m │ map:    29.33 kB[22m
[2mC:/Users/ADMINI~1/AppData/Local/Temp/chromatic--13648-Nop9L1PnKzmu/[22m[36massets/index-03bbf7d1.js                                  [39m[1m[2m 13.55 kB[22m[1m[22m[2m │ gzip:   5.09 kB[22m[2m │ map:    53.04 kB[22m
[2mC:/Users/ADMINI~1/AppData/Local/Temp/chromatic--13648-Nop9L1PnKzmu/[22m[36massets/index-8c5ff325.js                                  [39m[1m[2m 14.39 kB[22m[1m[22m[2m │ gzip:   4.75 kB[22m[2m │ map:    48.95 kB[22m
[2mC:/Users/ADMINI~1/AppData/Local/Temp/chromatic--13648-Nop9L1PnKzmu/[22m[36massets/GlobalScrollAreaStyles-DZEYMYDM-2b4637dd.js        [39m[1m[2m 15.07 kB[22m[1m[22m[2m │ gzip:   2.82 kB[22m[2m │ map:    21.40 kB[22m
[2mC:/Users/ADMINI~1/AppData/Local/Temp/chromatic--13648-Nop9L1PnKzmu/[22m[36massets/Color-6VNJS4EI-bf80b4d8.js                         [39m[1m[2m 17.63 kB[22m[1m[22m[2m │ gzip:   6.76 kB[22m[2m │ map:    59.47 kB[22m
[2mC:/Users/ADMINI~1/AppData/Local/Temp/chromatic--13648-Nop9L1PnKzmu/[22m[36massets/Configure-65760a4f.js                              [39m[1m[2m 18.31 kB[22m[1m[22m[2m │ gzip:   8.26 kB[22m[2m │ map:    28.90 kB[22m
[2mC:/Users/ADMINI~1/AppData/Local/Temp/chromatic--13648-Nop9L1PnKzmu/[22m[36massets/OverlayScrollbars-OGE3XJTA-0e49f941.js             [39m[1m[2m 29.19 kB[22m[1m[22m[2m │ gzip:  14.32 kB[22m[2m │ map:   108.09 kB[22m
[2mC:/Users/ADMINI~1/AppData/Local/Temp/chromatic--13648-Nop9L1PnKzmu/[22m[36massets/vue-i18n.esm-bundler-67ce2140.js                   [39m[1m[2m 54.40 kB[22m[1m[22m[2m │ gzip:  17.25 kB[22m[2m │ map:   321.91 kB[22m
[2mC:/Users/ADMINI~1/AppData/Local/Temp/chromatic--13648-Nop9L1PnKzmu/[22m[36massets/index-28fffdb3.js                                  [39m[1m[2m 78.05 kB[22m[1m[22m[2m │ gzip:  23.31 kB[22m[2m │ map:   320.13 kB[22m
[2mC:/Users/ADMINI~1/AppData/Local/Temp/chromatic--13648-Nop9L1PnKzmu/[22m[36massets/config-95236853.js                                 [39m[1m[2m 78.79 kB[22m[1m[22m[2m │ gzip:  29.26 kB[22m[2m │ map:   731.02 kB[22m
[2mC:/Users/ADMINI~1/AppData/Local/Temp/chromatic--13648-Nop9L1PnKzmu/[22m[36massets/preview-7557c1c6.js                                [39m[1m[2m 94.96 kB[22m[1m[22m[2m │ gzip:  31.59 kB[22m[2m │ map:   349.87 kB[22m
[2mC:/Users/ADMINI~1/AppData/Local/Temp/chromatic--13648-Nop9L1PnKzmu/[22m[36massets/vue.esm-bundler-b3945b90.js                        [39m[1m[2m137.94 kB[22m[1m[22m[2m │ gzip:  53.32 kB[22m[2m │ map:   777.64 kB[22m
[2mC:/Users/ADMINI~1/AppData/Local/Temp/chromatic--13648-Nop9L1PnKzmu/[22m[36massets/Page.stories-9bd09a84.js                           [39m[1m[2m293.00 kB[22m[1m[22m[2m │ gzip:  72.39 kB[22m[2m │ map: 1,077.86 kB[22m
[2mC:/Users/ADMINI~1/AppData/Local/Temp/chromatic--13648-Nop9L1PnKzmu/[22m[36massets/preview-455da564.js                                [39m[1m[2m475.85 kB[22m[1m[22m[2m │ gzip: 145.66 kB[22m[2m │ map: 1,134.69 kB[22m
[2mC:/Users/ADMINI~1/AppData/Local/Temp/chromatic--13648-Nop9L1PnKzmu/[22m[36massets/axe-4e806bb5.js                                    [39m[1m[33m535.60 kB[39m[22m[2m │ gzip: 146.95 kB[22m[2m │ map: 1,920.40 kB[22m
[2mC:/Users/ADMINI~1/AppData/Local/Temp/chromatic--13648-Nop9L1PnKzmu/[22m[36massets/formatter-OJ5LH2CX-eab171a6.js                     [39m[1m[33m601.67 kB[39m[22m[2m │ gzip: 185.04 kB[22m[2m │ map: 1,318.59 kB[22m
[2mC:/Users/ADMINI~1/AppData/Local/Temp/chromatic--13648-Nop9L1PnKzmu/[22m[36massets/index-4925b9ef.js                                  [39m[1m[33m657.76 kB[39m[22m[2m │ gzip: 214.78 kB[22m[2m │ map: 1,828.87 kB[22m
[33m
(!) Some chunks are larger than 500 kBs after minification. Consider:
- Using dynamic import() to code-split the application
- Use build.rollupOptions.output.manualChunks to improve chunking: https://rollupjs.org/configuration-options/#output-manualchunks
- Adjust chunk size limit for this warning via build.chunkSizeWarningLimit.[39m
[32m✓ built in 16.20s[39m
info => Output directory: C:\Users\ADMINI~1\AppData\Local\Temp\chromatic--13648-Nop9L1PnKzmu
Waiting for the debugger to disconnect...
Waiting for the debugger to disconnect...
